<?xml version="1.0" encoding="UTF-8"?>
<testng-results total="1" passed="1" failed="0" skipped="0">
  <reporter-output>
    <line>
      <![CDATA[logo is not displayed]]>
    </line>
    <line>
      <![CDATA[tag line is not displayed]]>
    </line>
    <line>
      <![CDATA[userid is not Selected]]>
    </line>
    <line>
      <![CDATA[zerodha_password is not Selected]]>
    </line>
    <line>
      <![CDATA[zerodha_pin is not Selected]]>
    </line>
  </reporter-output>
  <suite started-at="2022-09-03T15:05:55Z" name="Surefire suite" finished-at="2022-09-03T15:06:02Z" duration-ms="6916">
    <groups>
    </groups>
    <test started-at="2022-09-03T15:05:55Z" name="Surefire test" finished-at="2022-09-03T15:06:02Z" duration-ms="6916">
      <class name="com.zerodha.qa.com.zerodha.qa.loginTest">
        <test-method is-config="true" signature="browser_open()" started-at="2022-09-03T15:05:55Z" name="browser_open" finished-at="2022-09-03T15:05:59Z" duration-ms="4179" status="PASS">
        </test-method>
        <test-method signature="stpes_of_execution()" started-at="2022-09-03T15:05:59Z" name="stpes_of_execution" finished-at="2022-09-03T15:06:02Z" duration-ms="2734" status="PASS">
        </test-method>
        <test-method is-config="true" signature="browser_close()" started-at="2022-09-03T15:06:02Z" name="browser_close" finished-at="2022-09-03T15:06:02Z" duration-ms="0" status="PASS">
        </test-method>
      </class>
    </test>
  </suite>
</testng-results>
