<?xml version="1.0" encoding="UTF-8"?>
<testng-results total="1" passed="1" failed="0" skipped="0">
  <reporter-output>
    <line>
      <![CDATA[logo is not displayed]]>
    </line>
    <line>
      <![CDATA[tag line is not displayed]]>
    </line>
    <line>
      <![CDATA[userid is not Selected]]>
    </line>
    <line>
      <![CDATA[zerodha_password is not Selected]]>
    </line>
    <line>
      <![CDATA[zerodha_pin is not Selected]]>
    </line>
  </reporter-output>
  <suite started-at="2022-09-12T00:24:37Z" name="Default suite" finished-at="2022-09-12T00:24:46Z" duration-ms="8183">
    <groups>
    </groups>
    <test started-at="2022-09-12T00:24:37Z" name="Default test" finished-at="2022-09-12T00:24:46Z" duration-ms="8183">
      <class name="com.zerodha.qa.com.zerodha.qa.loginTest">
        <test-method is-config="true" signature="browser_open()" started-at="2022-09-12T00:24:37Z" name="browser_open" finished-at="2022-09-12T00:24:43Z" duration-ms="5326" status="PASS">
        </test-method>
        <test-method signature="stpes_of_execution()" started-at="2022-09-12T00:24:43Z" name="stpes_of_execution" finished-at="2022-09-12T00:24:46Z" duration-ms="2851" status="PASS">
        </test-method>
        <test-method is-config="true" signature="browser_close()" started-at="2022-09-12T00:24:46Z" name="browser_close" finished-at="2022-09-12T00:24:46Z" duration-ms="0" status="PASS">
        </test-method>
      </class>
    </test>
  </suite>
</testng-results>
